This file contains any messages produced by compilers while
running configure, to aid debugging if configure makes a mistake.

It was created by PyBSP configure 1.0, which was
generated by GNU Autoconf 2.69.  Invocation command line was

  $ ./configure --no-create --no-recursion

## --------- ##
## Platform. ##
## --------- ##

hostname = imacdeiMac.local
uname -m = x86_64
uname -r = 14.5.0
uname -s = Darwin
uname -v = Darwin Kernel Version 14.5.0: Wed Jul 29 02:26:53 PDT 2015; root:xnu-2782.40.9~1/RELEASE_X86_64

/usr/bin/uname -p = i386
/bin/uname -X     = unknown

/bin/arch              = unknown
/usr/bin/arch -k       = unknown
/usr/convex/getsysinfo = unknown
/usr/bin/hostinfo      = Mach kernel version:
	 Darwin Kernel Version 14.5.0: Wed Jul 29 02:26:53 PDT 2015; root:xnu-2782.40.9~1/RELEASE_X86_64
Kernel configured for up to 8 processors.
4 processors are physically available.
8 processors are logically available.
Processor type: i486 (Intel 80486)
Processors active: 0 1 2 3 4 5 6 7
Primary memory available: 8.00 gigabytes
Default processor set: 233 tasks, 1030 threads, 8 processors
Load average: 2.85, Mach factor: 5.13
/bin/machine           = unknown
/usr/bin/oslevel       = unknown
/bin/universe          = unknown

PATH: /usr/local/bin
PATH: /usr/bin
PATH: /bin
PATH: /usr/sbin
PATH: /sbin
PATH: /opt/X11/bin
PATH: /Library/TeX/texbin


## ----------- ##
## Core tests. ##
## ----------- ##

configure:2355: checking for a BSD-compatible install
configure:2423: result: /usr/bin/install -c
configure:2434: checking whether build environment is sane
configure:2489: result: yes
configure:2640: checking for a thread-safe mkdir -p
configure:2679: result: ./install-sh -c -d
configure:2686: checking for gawk
configure:2716: result: no
configure:2686: checking for mawk
configure:2716: result: no
configure:2686: checking for nawk
configure:2716: result: no
configure:2686: checking for awk
configure:2702: found /usr/bin/awk
configure:2713: result: awk
configure:2724: checking whether make sets $(MAKE)
configure:2746: result: yes
configure:2775: checking whether make supports nested variables
configure:2792: result: yes
configure:2983: checking for g++
configure:2999: found /usr/bin/g++
configure:3010: result: g++
configure:3037: checking for C++ compiler version
configure:3046: g++ --version >&5
Apple LLVM version 6.1.0 (clang-602.0.53) (based on LLVM 3.6.0svn)
Target: x86_64-apple-darwin14.5.0
Thread model: posix
Configured with: --prefix=/Applications/Xcode.app/Contents/Developer/usr --with-gxx-include-dir=/usr/include/c++/4.2.1
configure:3057: $? = 0
configure:3046: g++ -v >&5
Configured with: --prefix=/Applications/Xcode.app/Contents/Developer/usr --with-gxx-include-dir=/usr/include/c++/4.2.1
Apple LLVM version 6.1.0 (clang-602.0.53) (based on LLVM 3.6.0svn)
Target: x86_64-apple-darwin14.5.0
Thread model: posix
configure:3057: $? = 0
configure:3046: g++ -V >&5
clang: error: argument to '-V' is missing (expected 1 value)
clang: error: no input files
configure:3057: $? = 1
configure:3046: g++ -qversion >&5
clang: error: unknown argument: '-qversion'
clang: error: no input files
configure:3057: $? = 1
configure:3077: checking whether the C++ compiler works
configure:3099: g++    conftest.cpp  >&5
configure:3103: $? = 0
configure:3151: result: yes
configure:3154: checking for C++ compiler default output file name
configure:3156: result: a.out
configure:3162: checking for suffix of executables
configure:3169: g++ -o conftest    conftest.cpp  >&5
configure:3173: $? = 0
configure:3195: result: 
configure:3217: checking whether we are cross compiling
configure:3225: g++ -o conftest    conftest.cpp  >&5
configure:3229: $? = 0
configure:3236: ./conftest
configure:3240: $? = 0
configure:3255: result: no
configure:3260: checking for suffix of object files
configure:3282: g++ -c   conftest.cpp >&5
configure:3286: $? = 0
configure:3307: result: o
configure:3311: checking whether we are using the GNU C++ compiler
configure:3330: g++ -c   conftest.cpp >&5
configure:3330: $? = 0
configure:3339: result: yes
configure:3348: checking whether g++ accepts -g
configure:3368: g++ -c -g  conftest.cpp >&5
configure:3368: $? = 0
configure:3409: result: yes
configure:3443: checking for style of include used by make
configure:3471: result: GNU
configure:3497: checking dependency style of g++
configure:3608: result: gcc3
configure:3673: checking for gcc
configure:3689: found /usr/bin/gcc
configure:3700: result: gcc
configure:3929: checking for C compiler version
configure:3938: gcc --version >&5
Apple LLVM version 6.1.0 (clang-602.0.53) (based on LLVM 3.6.0svn)
Target: x86_64-apple-darwin14.5.0
Thread model: posix
Configured with: --prefix=/Applications/Xcode.app/Contents/Developer/usr --with-gxx-include-dir=/usr/include/c++/4.2.1
configure:3949: $? = 0
configure:3938: gcc -v >&5
Configured with: --prefix=/Applications/Xcode.app/Contents/Developer/usr --with-gxx-include-dir=/usr/include/c++/4.2.1
Apple LLVM version 6.1.0 (clang-602.0.53) (based on LLVM 3.6.0svn)
Target: x86_64-apple-darwin14.5.0
Thread model: posix
configure:3949: $? = 0
configure:3938: gcc -V >&5
clang: error: argument to '-V' is missing (expected 1 value)
clang: error: no input files
configure:3949: $? = 1
configure:3938: gcc -qversion >&5
clang: error: unknown argument: '-qversion'
clang: error: no input files
configure:3949: $? = 1
configure:3953: checking whether we are using the GNU C compiler
configure:3972: gcc -c   conftest.c >&5
configure:3972: $? = 0
configure:3981: result: yes
configure:3990: checking whether gcc accepts -g
configure:4010: gcc -c -g  conftest.c >&5
configure:4010: $? = 0
configure:4051: result: yes
configure:4068: checking for gcc option to accept ISO C89
configure:4131: gcc  -c -g -O2  conftest.c >&5
configure:4131: $? = 0
configure:4144: result: none needed
configure:4169: checking whether gcc understands -c and -o together
configure:4191: gcc -c conftest.c -o conftest2.o
configure:4194: $? = 0
configure:4191: gcc -c conftest.c -o conftest2.o
configure:4194: $? = 0
configure:4206: result: yes
configure:4225: checking dependency style of gcc
configure:4336: result: gcc3
configure:4352: checking for MPI_Init in -lmpi
configure:4377: gcc -o conftest -g -O2   conftest.c -lmpi   >&5
configure:4377: $? = 0
configure:4386: result: yes
configure:4399: checking for Py_Initialize in -lpython
configure:4424: gcc -o conftest -g -O2   conftest.c -lpython  -lmpi  >&5
configure:4424: $? = 0
configure:4433: result: yes
configure:4453: checking how to run the C preprocessor
configure:4484: gcc -E  conftest.c
configure:4484: $? = 0
configure:4498: gcc -E  conftest.c
conftest.c:13:10: fatal error: 'ac_nonexistent.h' file not found
#include <ac_nonexistent.h>
         ^
1 error generated.
configure:4498: $? = 1
configure: failed program was:
| /* confdefs.h */
| #define PACKAGE_NAME "PyBSP"
| #define PACKAGE_TARNAME "pybsp"
| #define PACKAGE_VERSION "1.0"
| #define PACKAGE_STRING "PyBSP 1.0"
| #define PACKAGE_BUGREPORT "solker2015@gmail.com"
| #define PACKAGE_URL ""
| #define PACKAGE "PyBSP"
| #define VERSION "1.0"
| #define HAVE_LIBMPI 1
| #define HAVE_LIBPYTHON 1
| /* end confdefs.h.  */
| #include <ac_nonexistent.h>
configure:4523: result: gcc -E
configure:4543: gcc -E  conftest.c
configure:4543: $? = 0
configure:4557: gcc -E  conftest.c
conftest.c:13:10: fatal error: 'ac_nonexistent.h' file not found
#include <ac_nonexistent.h>
         ^
1 error generated.
configure:4557: $? = 1
configure: failed program was:
| /* confdefs.h */
| #define PACKAGE_NAME "PyBSP"
| #define PACKAGE_TARNAME "pybsp"
| #define PACKAGE_VERSION "1.0"
| #define PACKAGE_STRING "PyBSP 1.0"
| #define PACKAGE_BUGREPORT "solker2015@gmail.com"
| #define PACKAGE_URL ""
| #define PACKAGE "PyBSP"
| #define VERSION "1.0"
| #define HAVE_LIBMPI 1
| #define HAVE_LIBPYTHON 1
| /* end confdefs.h.  */
| #include <ac_nonexistent.h>
configure:4586: checking for grep that handles long lines and -e
configure:4644: result: /usr/bin/grep
configure:4649: checking for egrep
configure:4711: result: /usr/bin/grep -E
configure:4716: checking for ANSI C header files
configure:4736: gcc -c -g -O2  conftest.c >&5
configure:4736: $? = 0
configure:4809: gcc -o conftest -g -O2   conftest.c -lpython -lmpi  >&5
configure:4809: $? = 0
configure:4809: ./conftest
configure:4809: $? = 0
configure:4820: result: yes
configure:4833: checking for sys/types.h
configure:4833: gcc -c -g -O2  conftest.c >&5
configure:4833: $? = 0
configure:4833: result: yes
configure:4833: checking for sys/stat.h
configure:4833: gcc -c -g -O2  conftest.c >&5
configure:4833: $? = 0
configure:4833: result: yes
configure:4833: checking for stdlib.h
configure:4833: gcc -c -g -O2  conftest.c >&5
configure:4833: $? = 0
configure:4833: result: yes
configure:4833: checking for string.h
configure:4833: gcc -c -g -O2  conftest.c >&5
configure:4833: $? = 0
configure:4833: result: yes
configure:4833: checking for memory.h
configure:4833: gcc -c -g -O2  conftest.c >&5
configure:4833: $? = 0
configure:4833: result: yes
configure:4833: checking for strings.h
configure:4833: gcc -c -g -O2  conftest.c >&5
configure:4833: $? = 0
configure:4833: result: yes
configure:4833: checking for inttypes.h
configure:4833: gcc -c -g -O2  conftest.c >&5
configure:4833: $? = 0
configure:4833: result: yes
configure:4833: checking for stdint.h
configure:4833: gcc -c -g -O2  conftest.c >&5
configure:4833: $? = 0
configure:4833: result: yes
configure:4833: checking for unistd.h
configure:4833: gcc -c -g -O2  conftest.c >&5
configure:4833: $? = 0
configure:4833: result: yes
configure:4847: checking for stdint.h
configure:4847: result: yes
configure:4859: checking mpi.h usability
configure:4859: gcc -c -g -O2  conftest.c >&5
configure:4859: $? = 0
configure:4859: result: yes
configure:4859: checking mpi.h presence
configure:4859: gcc -E  conftest.c
configure:4859: $? = 0
configure:4859: result: yes
configure:4859: checking for mpi.h
configure:4859: result: yes
configure:4871: checking python.h usability
configure:4871: gcc -c -g -O2  conftest.c >&5
conftest.c:58:10: fatal error: 'python.h' file not found
#include <python.h>
         ^
1 error generated.
configure:4871: $? = 1
configure: failed program was:
| /* confdefs.h */
| #define PACKAGE_NAME "PyBSP"
| #define PACKAGE_TARNAME "pybsp"
| #define PACKAGE_VERSION "1.0"
| #define PACKAGE_STRING "PyBSP 1.0"
| #define PACKAGE_BUGREPORT "solker2015@gmail.com"
| #define PACKAGE_URL ""
| #define PACKAGE "PyBSP"
| #define VERSION "1.0"
| #define HAVE_LIBMPI 1
| #define HAVE_LIBPYTHON 1
| #define STDC_HEADERS 1
| #define HAVE_SYS_TYPES_H 1
| #define HAVE_SYS_STAT_H 1
| #define HAVE_STDLIB_H 1
| #define HAVE_STRING_H 1
| #define HAVE_MEMORY_H 1
| #define HAVE_STRINGS_H 1
| #define HAVE_INTTYPES_H 1
| #define HAVE_STDINT_H 1
| #define HAVE_UNISTD_H 1
| #define HAVE_STDINT_H 1
| #define HAVE_MPI_H 1
| /* end confdefs.h.  */
| #include <stdio.h>
| #ifdef HAVE_SYS_TYPES_H
| # include <sys/types.h>
| #endif
| #ifdef HAVE_SYS_STAT_H
| # include <sys/stat.h>
| #endif
| #ifdef STDC_HEADERS
| # include <stdlib.h>
| # include <stddef.h>
| #else
| # ifdef HAVE_STDLIB_H
| #  include <stdlib.h>
| # endif
| #endif
| #ifdef HAVE_STRING_H
| # if !defined STDC_HEADERS && defined HAVE_MEMORY_H
| #  include <memory.h>
| # endif
| # include <string.h>
| #endif
| #ifdef HAVE_STRINGS_H
| # include <strings.h>
| #endif
| #ifdef HAVE_INTTYPES_H
| # include <inttypes.h>
| #endif
| #ifdef HAVE_STDINT_H
| # include <stdint.h>
| #endif
| #ifdef HAVE_UNISTD_H
| # include <unistd.h>
| #endif
| #include <python.h>
configure:4871: result: no
configure:4871: checking python.h presence
configure:4871: gcc -E  conftest.c
conftest.c:25:10: fatal error: 'python.h' file not found
#include <python.h>
         ^
1 error generated.
configure:4871: $? = 1
configure: failed program was:
| /* confdefs.h */
| #define PACKAGE_NAME "PyBSP"
| #define PACKAGE_TARNAME "pybsp"
| #define PACKAGE_VERSION "1.0"
| #define PACKAGE_STRING "PyBSP 1.0"
| #define PACKAGE_BUGREPORT "solker2015@gmail.com"
| #define PACKAGE_URL ""
| #define PACKAGE "PyBSP"
| #define VERSION "1.0"
| #define HAVE_LIBMPI 1
| #define HAVE_LIBPYTHON 1
| #define STDC_HEADERS 1
| #define HAVE_SYS_TYPES_H 1
| #define HAVE_SYS_STAT_H 1
| #define HAVE_STDLIB_H 1
| #define HAVE_STRING_H 1
| #define HAVE_MEMORY_H 1
| #define HAVE_STRINGS_H 1
| #define HAVE_INTTYPES_H 1
| #define HAVE_STDINT_H 1
| #define HAVE_UNISTD_H 1
| #define HAVE_STDINT_H 1
| #define HAVE_MPI_H 1
| /* end confdefs.h.  */
| #include <python.h>
configure:4871: result: no
configure:4871: checking for python.h
configure:4871: result: no
configure:4883: checking numpy/arrayobject.h usability
configure:4883: gcc -c -g -O2  conftest.c >&5
conftest.c:58:10: fatal error: 'numpy/arrayobject.h' file not found
#include <numpy/arrayobject.h>
         ^
1 error generated.
configure:4883: $? = 1
configure: failed program was:
| /* confdefs.h */
| #define PACKAGE_NAME "PyBSP"
| #define PACKAGE_TARNAME "pybsp"
| #define PACKAGE_VERSION "1.0"
| #define PACKAGE_STRING "PyBSP 1.0"
| #define PACKAGE_BUGREPORT "solker2015@gmail.com"
| #define PACKAGE_URL ""
| #define PACKAGE "PyBSP"
| #define VERSION "1.0"
| #define HAVE_LIBMPI 1
| #define HAVE_LIBPYTHON 1
| #define STDC_HEADERS 1
| #define HAVE_SYS_TYPES_H 1
| #define HAVE_SYS_STAT_H 1
| #define HAVE_STDLIB_H 1
| #define HAVE_STRING_H 1
| #define HAVE_MEMORY_H 1
| #define HAVE_STRINGS_H 1
| #define HAVE_INTTYPES_H 1
| #define HAVE_STDINT_H 1
| #define HAVE_UNISTD_H 1
| #define HAVE_STDINT_H 1
| #define HAVE_MPI_H 1
| /* end confdefs.h.  */
| #include <stdio.h>
| #ifdef HAVE_SYS_TYPES_H
| # include <sys/types.h>
| #endif
| #ifdef HAVE_SYS_STAT_H
| # include <sys/stat.h>
| #endif
| #ifdef STDC_HEADERS
| # include <stdlib.h>
| # include <stddef.h>
| #else
| # ifdef HAVE_STDLIB_H
| #  include <stdlib.h>
| # endif
| #endif
| #ifdef HAVE_STRING_H
| # if !defined STDC_HEADERS && defined HAVE_MEMORY_H
| #  include <memory.h>
| # endif
| # include <string.h>
| #endif
| #ifdef HAVE_STRINGS_H
| # include <strings.h>
| #endif
| #ifdef HAVE_INTTYPES_H
| # include <inttypes.h>
| #endif
| #ifdef HAVE_STDINT_H
| # include <stdint.h>
| #endif
| #ifdef HAVE_UNISTD_H
| # include <unistd.h>
| #endif
| #include <numpy/arrayobject.h>
configure:4883: result: no
configure:4883: checking numpy/arrayobject.h presence
configure:4883: gcc -E  conftest.c
conftest.c:25:10: fatal error: 'numpy/arrayobject.h' file not found
#include <numpy/arrayobject.h>
         ^
1 error generated.
configure:4883: $? = 1
configure: failed program was:
| /* confdefs.h */
| #define PACKAGE_NAME "PyBSP"
| #define PACKAGE_TARNAME "pybsp"
| #define PACKAGE_VERSION "1.0"
| #define PACKAGE_STRING "PyBSP 1.0"
| #define PACKAGE_BUGREPORT "solker2015@gmail.com"
| #define PACKAGE_URL ""
| #define PACKAGE "PyBSP"
| #define VERSION "1.0"
| #define HAVE_LIBMPI 1
| #define HAVE_LIBPYTHON 1
| #define STDC_HEADERS 1
| #define HAVE_SYS_TYPES_H 1
| #define HAVE_SYS_STAT_H 1
| #define HAVE_STDLIB_H 1
| #define HAVE_STRING_H 1
| #define HAVE_MEMORY_H 1
| #define HAVE_STRINGS_H 1
| #define HAVE_INTTYPES_H 1
| #define HAVE_STDINT_H 1
| #define HAVE_UNISTD_H 1
| #define HAVE_STDINT_H 1
| #define HAVE_MPI_H 1
| /* end confdefs.h.  */
| #include <numpy/arrayobject.h>
configure:4883: result: no
configure:4883: checking for numpy/arrayobject.h
configure:4883: result: no
configure:4895: checking for stdbool.h that conforms to C99
configure:4962: gcc -c -g -O2  conftest.c >&5
conftest.c:74:24: warning: address of 's' will always evaluate to 'true' [-Wpointer-bool-conversion]
             bool e = &s;
                  ~    ^
1 warning generated.
configure:4962: $? = 0
configure:4969: result: yes
configure:4971: checking for _Bool
configure:4971: gcc -c -g -O2  conftest.c >&5
configure:4971: $? = 0
configure:4971: gcc -c -g -O2  conftest.c >&5
conftest.c:61:20: error: expected expression
if (sizeof ((_Bool)))
                   ^
1 error generated.
configure:4971: $? = 1
configure: failed program was:
| /* confdefs.h */
| #define PACKAGE_NAME "PyBSP"
| #define PACKAGE_TARNAME "pybsp"
| #define PACKAGE_VERSION "1.0"
| #define PACKAGE_STRING "PyBSP 1.0"
| #define PACKAGE_BUGREPORT "solker2015@gmail.com"
| #define PACKAGE_URL ""
| #define PACKAGE "PyBSP"
| #define VERSION "1.0"
| #define HAVE_LIBMPI 1
| #define HAVE_LIBPYTHON 1
| #define STDC_HEADERS 1
| #define HAVE_SYS_TYPES_H 1
| #define HAVE_SYS_STAT_H 1
| #define HAVE_STDLIB_H 1
| #define HAVE_STRING_H 1
| #define HAVE_MEMORY_H 1
| #define HAVE_STRINGS_H 1
| #define HAVE_INTTYPES_H 1
| #define HAVE_STDINT_H 1
| #define HAVE_UNISTD_H 1
| #define HAVE_STDINT_H 1
| #define HAVE_MPI_H 1
| /* end confdefs.h.  */
| #include <stdio.h>
| #ifdef HAVE_SYS_TYPES_H
| # include <sys/types.h>
| #endif
| #ifdef HAVE_SYS_STAT_H
| # include <sys/stat.h>
| #endif
| #ifdef STDC_HEADERS
| # include <stdlib.h>
| # include <stddef.h>
| #else
| # ifdef HAVE_STDLIB_H
| #  include <stdlib.h>
| # endif
| #endif
| #ifdef HAVE_STRING_H
| # if !defined STDC_HEADERS && defined HAVE_MEMORY_H
| #  include <memory.h>
| # endif
| # include <string.h>
| #endif
| #ifdef HAVE_STRINGS_H
| # include <strings.h>
| #endif
| #ifdef HAVE_INTTYPES_H
| # include <inttypes.h>
| #endif
| #ifdef HAVE_STDINT_H
| # include <stdint.h>
| #endif
| #ifdef HAVE_UNISTD_H
| # include <unistd.h>
| #endif
| int
| main ()
| {
| if (sizeof ((_Bool)))
| 	    return 0;
|   ;
|   return 0;
| }
configure:4971: result: yes
configure:4982: checking for int16_t
configure:4982: gcc -c -g -O2  conftest.c >&5
configure:4982: $? = 0
configure:4982: gcc -c -g -O2  conftest.c >&5
conftest.c:63:24: error: 'test_array' declared as an array with a negative size
static int test_array [1 - 2 * !((int16_t) (((((int16_t) 1 << N) << N) - 1) * 2 + 1)
                       ^~~~~~~~~~~~~~~~~~~~~~~~~~~~~~~~~~~~~~~~~~~~~~~~~~~~~~~~~~~~~
1 error generated.
configure:4982: $? = 1
configure: failed program was:
| /* confdefs.h */
| #define PACKAGE_NAME "PyBSP"
| #define PACKAGE_TARNAME "pybsp"
| #define PACKAGE_VERSION "1.0"
| #define PACKAGE_STRING "PyBSP 1.0"
| #define PACKAGE_BUGREPORT "solker2015@gmail.com"
| #define PACKAGE_URL ""
| #define PACKAGE "PyBSP"
| #define VERSION "1.0"
| #define HAVE_LIBMPI 1
| #define HAVE_LIBPYTHON 1
| #define STDC_HEADERS 1
| #define HAVE_SYS_TYPES_H 1
| #define HAVE_SYS_STAT_H 1
| #define HAVE_STDLIB_H 1
| #define HAVE_STRING_H 1
| #define HAVE_MEMORY_H 1
| #define HAVE_STRINGS_H 1
| #define HAVE_INTTYPES_H 1
| #define HAVE_STDINT_H 1
| #define HAVE_UNISTD_H 1
| #define HAVE_STDINT_H 1
| #define HAVE_MPI_H 1
| #define HAVE__BOOL 1
| /* end confdefs.h.  */
| #include <stdio.h>
| #ifdef HAVE_SYS_TYPES_H
| # include <sys/types.h>
| #endif
| #ifdef HAVE_SYS_STAT_H
| # include <sys/stat.h>
| #endif
| #ifdef STDC_HEADERS
| # include <stdlib.h>
| # include <stddef.h>
| #else
| # ifdef HAVE_STDLIB_H
| #  include <stdlib.h>
| # endif
| #endif
| #ifdef HAVE_STRING_H
| # if !defined STDC_HEADERS && defined HAVE_MEMORY_H
| #  include <memory.h>
| # endif
| # include <string.h>
| #endif
| #ifdef HAVE_STRINGS_H
| # include <strings.h>
| #endif
| #ifdef HAVE_INTTYPES_H
| # include <inttypes.h>
| #endif
| #ifdef HAVE_STDINT_H
| # include <stdint.h>
| #endif
| #ifdef HAVE_UNISTD_H
| # include <unistd.h>
| #endif
| 	        enum { N = 16 / 2 - 1 };
| int
| main ()
| {
| static int test_array [1 - 2 * !((int16_t) (((((int16_t) 1 << N) << N) - 1) * 2 + 1)
| 		 < (int16_t) (((((int16_t) 1 << N) << N) - 1) * 2 + 2))];
| test_array [0] = 0;
| return test_array [0];
| 
|   ;
|   return 0;
| }
configure:4982: result: yes
configure:4993: checking for int32_t
configure:4993: gcc -c -g -O2  conftest.c >&5
configure:4993: $? = 0
configure:4993: gcc -c -g -O2  conftest.c >&5
conftest.c:63:24: error: 'test_array' declared as an array with a negative size
static int test_array [1 - 2 * !((int32_t) (((((int32_t) 1 << N) << N) - 1) * 2 + 1)
                       ^~~~~~~~~~~~~~~~~~~~~~~~~~~~~~~~~~~~~~~~~~~~~~~~~~~~~~~~~~~~~
1 error generated.
configure:4993: $? = 1
configure: failed program was:
| /* confdefs.h */
| #define PACKAGE_NAME "PyBSP"
| #define PACKAGE_TARNAME "pybsp"
| #define PACKAGE_VERSION "1.0"
| #define PACKAGE_STRING "PyBSP 1.0"
| #define PACKAGE_BUGREPORT "solker2015@gmail.com"
| #define PACKAGE_URL ""
| #define PACKAGE "PyBSP"
| #define VERSION "1.0"
| #define HAVE_LIBMPI 1
| #define HAVE_LIBPYTHON 1
| #define STDC_HEADERS 1
| #define HAVE_SYS_TYPES_H 1
| #define HAVE_SYS_STAT_H 1
| #define HAVE_STDLIB_H 1
| #define HAVE_STRING_H 1
| #define HAVE_MEMORY_H 1
| #define HAVE_STRINGS_H 1
| #define HAVE_INTTYPES_H 1
| #define HAVE_STDINT_H 1
| #define HAVE_UNISTD_H 1
| #define HAVE_STDINT_H 1
| #define HAVE_MPI_H 1
| #define HAVE__BOOL 1
| /* end confdefs.h.  */
| #include <stdio.h>
| #ifdef HAVE_SYS_TYPES_H
| # include <sys/types.h>
| #endif
| #ifdef HAVE_SYS_STAT_H
| # include <sys/stat.h>
| #endif
| #ifdef STDC_HEADERS
| # include <stdlib.h>
| # include <stddef.h>
| #else
| # ifdef HAVE_STDLIB_H
| #  include <stdlib.h>
| # endif
| #endif
| #ifdef HAVE_STRING_H
| # if !defined STDC_HEADERS && defined HAVE_MEMORY_H
| #  include <memory.h>
| # endif
| # include <string.h>
| #endif
| #ifdef HAVE_STRINGS_H
| # include <strings.h>
| #endif
| #ifdef HAVE_INTTYPES_H
| # include <inttypes.h>
| #endif
| #ifdef HAVE_STDINT_H
| # include <stdint.h>
| #endif
| #ifdef HAVE_UNISTD_H
| # include <unistd.h>
| #endif
| 	        enum { N = 32 / 2 - 1 };
| int
| main ()
| {
| static int test_array [1 - 2 * !((int32_t) (((((int32_t) 1 << N) << N) - 1) * 2 + 1)
| 		 < (int32_t) (((((int32_t) 1 << N) << N) - 1) * 2 + 2))];
| test_array [0] = 0;
| return test_array [0];
| 
|   ;
|   return 0;
| }
configure:4993: result: yes
configure:5004: checking for int64_t
configure:5004: gcc -c -g -O2  conftest.c >&5
configure:5004: $? = 0
configure:5004: gcc -c -g -O2  conftest.c >&5
conftest.c:63:24: error: 'test_array' declared as an array with a negative size
static int test_array [1 - 2 * !((int64_t) (((((int64_t) 1 << N) << N) - 1) * 2 + 1)
                       ^~~~~~~~~~~~~~~~~~~~~~~~~~~~~~~~~~~~~~~~~~~~~~~~~~~~~~~~~~~~~
1 error generated.
configure:5004: $? = 1
configure: failed program was:
| /* confdefs.h */
| #define PACKAGE_NAME "PyBSP"
| #define PACKAGE_TARNAME "pybsp"
| #define PACKAGE_VERSION "1.0"
| #define PACKAGE_STRING "PyBSP 1.0"
| #define PACKAGE_BUGREPORT "solker2015@gmail.com"
| #define PACKAGE_URL ""
| #define PACKAGE "PyBSP"
| #define VERSION "1.0"
| #define HAVE_LIBMPI 1
| #define HAVE_LIBPYTHON 1
| #define STDC_HEADERS 1
| #define HAVE_SYS_TYPES_H 1
| #define HAVE_SYS_STAT_H 1
| #define HAVE_STDLIB_H 1
| #define HAVE_STRING_H 1
| #define HAVE_MEMORY_H 1
| #define HAVE_STRINGS_H 1
| #define HAVE_INTTYPES_H 1
| #define HAVE_STDINT_H 1
| #define HAVE_UNISTD_H 1
| #define HAVE_STDINT_H 1
| #define HAVE_MPI_H 1
| #define HAVE__BOOL 1
| /* end confdefs.h.  */
| #include <stdio.h>
| #ifdef HAVE_SYS_TYPES_H
| # include <sys/types.h>
| #endif
| #ifdef HAVE_SYS_STAT_H
| # include <sys/stat.h>
| #endif
| #ifdef STDC_HEADERS
| # include <stdlib.h>
| # include <stddef.h>
| #else
| # ifdef HAVE_STDLIB_H
| #  include <stdlib.h>
| # endif
| #endif
| #ifdef HAVE_STRING_H
| # if !defined STDC_HEADERS && defined HAVE_MEMORY_H
| #  include <memory.h>
| # endif
| # include <string.h>
| #endif
| #ifdef HAVE_STRINGS_H
| # include <strings.h>
| #endif
| #ifdef HAVE_INTTYPES_H
| # include <inttypes.h>
| #endif
| #ifdef HAVE_STDINT_H
| # include <stdint.h>
| #endif
| #ifdef HAVE_UNISTD_H
| # include <unistd.h>
| #endif
| 	        enum { N = 64 / 2 - 1 };
| int
| main ()
| {
| static int test_array [1 - 2 * !((int64_t) (((((int64_t) 1 << N) << N) - 1) * 2 + 1)
| 		 < (int64_t) (((((int64_t) 1 << N) << N) - 1) * 2 + 2))];
| test_array [0] = 0;
| return test_array [0];
| 
|   ;
|   return 0;
| }
configure:5004: result: yes
configure:5015: checking for int8_t
configure:5015: gcc -c -g -O2  conftest.c >&5
configure:5015: $? = 0
configure:5015: gcc -c -g -O2  conftest.c >&5
conftest.c:63:24: error: 'test_array' declared as an array with a negative size
static int test_array [1 - 2 * !((int8_t) (((((int8_t) 1 << N) << N) - 1) * 2 + 1)
                       ^~~~~~~~~~~~~~~~~~~~~~~~~~~~~~~~~~~~~~~~~~~~~~~~~~~~~~~~~~~
1 error generated.
configure:5015: $? = 1
configure: failed program was:
| /* confdefs.h */
| #define PACKAGE_NAME "PyBSP"
| #define PACKAGE_TARNAME "pybsp"
| #define PACKAGE_VERSION "1.0"
| #define PACKAGE_STRING "PyBSP 1.0"
| #define PACKAGE_BUGREPORT "solker2015@gmail.com"
| #define PACKAGE_URL ""
| #define PACKAGE "PyBSP"
| #define VERSION "1.0"
| #define HAVE_LIBMPI 1
| #define HAVE_LIBPYTHON 1
| #define STDC_HEADERS 1
| #define HAVE_SYS_TYPES_H 1
| #define HAVE_SYS_STAT_H 1
| #define HAVE_STDLIB_H 1
| #define HAVE_STRING_H 1
| #define HAVE_MEMORY_H 1
| #define HAVE_STRINGS_H 1
| #define HAVE_INTTYPES_H 1
| #define HAVE_STDINT_H 1
| #define HAVE_UNISTD_H 1
| #define HAVE_STDINT_H 1
| #define HAVE_MPI_H 1
| #define HAVE__BOOL 1
| /* end confdefs.h.  */
| #include <stdio.h>
| #ifdef HAVE_SYS_TYPES_H
| # include <sys/types.h>
| #endif
| #ifdef HAVE_SYS_STAT_H
| # include <sys/stat.h>
| #endif
| #ifdef STDC_HEADERS
| # include <stdlib.h>
| # include <stddef.h>
| #else
| # ifdef HAVE_STDLIB_H
| #  include <stdlib.h>
| # endif
| #endif
| #ifdef HAVE_STRING_H
| # if !defined STDC_HEADERS && defined HAVE_MEMORY_H
| #  include <memory.h>
| # endif
| # include <string.h>
| #endif
| #ifdef HAVE_STRINGS_H
| # include <strings.h>
| #endif
| #ifdef HAVE_INTTYPES_H
| # include <inttypes.h>
| #endif
| #ifdef HAVE_STDINT_H
| # include <stdint.h>
| #endif
| #ifdef HAVE_UNISTD_H
| # include <unistd.h>
| #endif
| 	        enum { N = 8 / 2 - 1 };
| int
| main ()
| {
| static int test_array [1 - 2 * !((int8_t) (((((int8_t) 1 << N) << N) - 1) * 2 + 1)
| 		 < (int8_t) (((((int8_t) 1 << N) << N) - 1) * 2 + 2))];
| test_array [0] = 0;
| return test_array [0];
| 
|   ;
|   return 0;
| }
configure:5015: result: yes
configure:5026: checking for size_t
configure:5026: gcc -c -g -O2  conftest.c >&5
configure:5026: $? = 0
configure:5026: gcc -c -g -O2  conftest.c >&5
conftest.c:62:21: error: expected expression
if (sizeof ((size_t)))
                    ^
1 error generated.
configure:5026: $? = 1
configure: failed program was:
| /* confdefs.h */
| #define PACKAGE_NAME "PyBSP"
| #define PACKAGE_TARNAME "pybsp"
| #define PACKAGE_VERSION "1.0"
| #define PACKAGE_STRING "PyBSP 1.0"
| #define PACKAGE_BUGREPORT "solker2015@gmail.com"
| #define PACKAGE_URL ""
| #define PACKAGE "PyBSP"
| #define VERSION "1.0"
| #define HAVE_LIBMPI 1
| #define HAVE_LIBPYTHON 1
| #define STDC_HEADERS 1
| #define HAVE_SYS_TYPES_H 1
| #define HAVE_SYS_STAT_H 1
| #define HAVE_STDLIB_H 1
| #define HAVE_STRING_H 1
| #define HAVE_MEMORY_H 1
| #define HAVE_STRINGS_H 1
| #define HAVE_INTTYPES_H 1
| #define HAVE_STDINT_H 1
| #define HAVE_UNISTD_H 1
| #define HAVE_STDINT_H 1
| #define HAVE_MPI_H 1
| #define HAVE__BOOL 1
| /* end confdefs.h.  */
| #include <stdio.h>
| #ifdef HAVE_SYS_TYPES_H
| # include <sys/types.h>
| #endif
| #ifdef HAVE_SYS_STAT_H
| # include <sys/stat.h>
| #endif
| #ifdef STDC_HEADERS
| # include <stdlib.h>
| # include <stddef.h>
| #else
| # ifdef HAVE_STDLIB_H
| #  include <stdlib.h>
| # endif
| #endif
| #ifdef HAVE_STRING_H
| # if !defined STDC_HEADERS && defined HAVE_MEMORY_H
| #  include <memory.h>
| # endif
| # include <string.h>
| #endif
| #ifdef HAVE_STRINGS_H
| # include <strings.h>
| #endif
| #ifdef HAVE_INTTYPES_H
| # include <inttypes.h>
| #endif
| #ifdef HAVE_STDINT_H
| # include <stdint.h>
| #endif
| #ifdef HAVE_UNISTD_H
| # include <unistd.h>
| #endif
| int
| main ()
| {
| if (sizeof ((size_t)))
| 	    return 0;
|   ;
|   return 0;
| }
configure:5026: result: yes
configure:5037: checking for ssize_t
configure:5037: gcc -c -g -O2  conftest.c >&5
configure:5037: $? = 0
configure:5037: gcc -c -g -O2  conftest.c >&5
conftest.c:62:22: error: expected expression
if (sizeof ((ssize_t)))
                     ^
1 error generated.
configure:5037: $? = 1
configure: failed program was:
| /* confdefs.h */
| #define PACKAGE_NAME "PyBSP"
| #define PACKAGE_TARNAME "pybsp"
| #define PACKAGE_VERSION "1.0"
| #define PACKAGE_STRING "PyBSP 1.0"
| #define PACKAGE_BUGREPORT "solker2015@gmail.com"
| #define PACKAGE_URL ""
| #define PACKAGE "PyBSP"
| #define VERSION "1.0"
| #define HAVE_LIBMPI 1
| #define HAVE_LIBPYTHON 1
| #define STDC_HEADERS 1
| #define HAVE_SYS_TYPES_H 1
| #define HAVE_SYS_STAT_H 1
| #define HAVE_STDLIB_H 1
| #define HAVE_STRING_H 1
| #define HAVE_MEMORY_H 1
| #define HAVE_STRINGS_H 1
| #define HAVE_INTTYPES_H 1
| #define HAVE_STDINT_H 1
| #define HAVE_UNISTD_H 1
| #define HAVE_STDINT_H 1
| #define HAVE_MPI_H 1
| #define HAVE__BOOL 1
| /* end confdefs.h.  */
| #include <stdio.h>
| #ifdef HAVE_SYS_TYPES_H
| # include <sys/types.h>
| #endif
| #ifdef HAVE_SYS_STAT_H
| # include <sys/stat.h>
| #endif
| #ifdef STDC_HEADERS
| # include <stdlib.h>
| # include <stddef.h>
| #else
| # ifdef HAVE_STDLIB_H
| #  include <stdlib.h>
| # endif
| #endif
| #ifdef HAVE_STRING_H
| # if !defined STDC_HEADERS && defined HAVE_MEMORY_H
| #  include <memory.h>
| # endif
| # include <string.h>
| #endif
| #ifdef HAVE_STRINGS_H
| # include <strings.h>
| #endif
| #ifdef HAVE_INTTYPES_H
| # include <inttypes.h>
| #endif
| #ifdef HAVE_STDINT_H
| # include <stdint.h>
| #endif
| #ifdef HAVE_UNISTD_H
| # include <unistd.h>
| #endif
| int
| main ()
| {
| if (sizeof ((ssize_t)))
| 	    return 0;
|   ;
|   return 0;
| }
configure:5037: result: yes
configure:5048: checking for uint16_t
configure:5048: gcc -c -g -O2  conftest.c >&5
configure:5048: $? = 0
configure:5048: result: yes
configure:5060: checking for uint32_t
configure:5060: gcc -c -g -O2  conftest.c >&5
configure:5060: $? = 0
configure:5060: result: yes
configure:5074: checking for uint64_t
configure:5074: gcc -c -g -O2  conftest.c >&5
configure:5074: $? = 0
configure:5074: result: yes
configure:5088: checking for uint8_t
configure:5088: gcc -c -g -O2  conftest.c >&5
configure:5088: $? = 0
configure:5088: result: yes
configure:5215: checking that generated files are newer than configure
configure:5221: result: done
configure:5248: creating ./config.status

## ---------------- ##
## Cache variables. ##
## ---------------- ##

ac_cv_c_compiler_gnu=yes
ac_cv_c_int16_t=yes
ac_cv_c_int32_t=yes
ac_cv_c_int64_t=yes
ac_cv_c_int8_t=yes
ac_cv_c_uint16_t=yes
ac_cv_c_uint32_t=yes
ac_cv_c_uint64_t=yes
ac_cv_c_uint8_t=yes
ac_cv_cxx_compiler_gnu=yes
ac_cv_env_CCC_set=
ac_cv_env_CCC_value=
ac_cv_env_CC_set=
ac_cv_env_CC_value=
ac_cv_env_CFLAGS_set=
ac_cv_env_CFLAGS_value=
ac_cv_env_CPPFLAGS_set=
ac_cv_env_CPPFLAGS_value=
ac_cv_env_CPP_set=
ac_cv_env_CPP_value=
ac_cv_env_CXXFLAGS_set=
ac_cv_env_CXXFLAGS_value=
ac_cv_env_CXX_set=
ac_cv_env_CXX_value=
ac_cv_env_LDFLAGS_set=
ac_cv_env_LDFLAGS_value=
ac_cv_env_LIBS_set=
ac_cv_env_LIBS_value=
ac_cv_env_build_alias_set=
ac_cv_env_build_alias_value=
ac_cv_env_host_alias_set=
ac_cv_env_host_alias_value=
ac_cv_env_target_alias_set=
ac_cv_env_target_alias_value=
ac_cv_header_inttypes_h=yes
ac_cv_header_memory_h=yes
ac_cv_header_mpi_h=yes
ac_cv_header_numpy_arrayobject_h=no
ac_cv_header_python_h=no
ac_cv_header_stdbool_h=yes
ac_cv_header_stdc=yes
ac_cv_header_stdint_h=yes
ac_cv_header_stdlib_h=yes
ac_cv_header_string_h=yes
ac_cv_header_strings_h=yes
ac_cv_header_sys_stat_h=yes
ac_cv_header_sys_types_h=yes
ac_cv_header_unistd_h=yes
ac_cv_lib_mpi_MPI_Init=yes
ac_cv_lib_python_Py_Initialize=yes
ac_cv_objext=o
ac_cv_path_EGREP='/usr/bin/grep -E'
ac_cv_path_GREP=/usr/bin/grep
ac_cv_path_install='/usr/bin/install -c'
ac_cv_prog_AWK=awk
ac_cv_prog_CPP='gcc -E'
ac_cv_prog_ac_ct_CC=gcc
ac_cv_prog_ac_ct_CXX=g++
ac_cv_prog_cc_c89=
ac_cv_prog_cc_g=yes
ac_cv_prog_cxx_g=yes
ac_cv_prog_make_make_set=yes
ac_cv_type__Bool=yes
ac_cv_type_size_t=yes
ac_cv_type_ssize_t=yes
am_cv_CC_dependencies_compiler_type=gcc3
am_cv_CXX_dependencies_compiler_type=gcc3
am_cv_make_support_nested_variables=yes
am_cv_prog_cc_c_o=yes

## ----------------- ##
## Output variables. ##
## ----------------- ##

ACLOCAL='${SHELL} /Volumes/PROJECTS/junfeng/PyBSP/missing aclocal-1.15'
AMDEPBACKSLASH='\'
AMDEP_FALSE='#'
AMDEP_TRUE=''
AMTAR='$${TAR-tar}'
AM_BACKSLASH='\'
AM_DEFAULT_V='$(AM_DEFAULT_VERBOSITY)'
AM_DEFAULT_VERBOSITY='1'
AM_V='$(V)'
AUTOCONF='${SHELL} /Volumes/PROJECTS/junfeng/PyBSP/missing autoconf'
AUTOHEADER='${SHELL} /Volumes/PROJECTS/junfeng/PyBSP/missing autoheader'
AUTOMAKE='${SHELL} /Volumes/PROJECTS/junfeng/PyBSP/missing automake-1.15'
AWK='awk'
CC='gcc'
CCDEPMODE='depmode=gcc3'
CFLAGS='-g -O2'
CPP='gcc -E'
CPPFLAGS=''
CXX='g++'
CXXDEPMODE='depmode=gcc3'
CXXFLAGS='-g -O2'
CYGPATH_W='echo'
DEFS='-DHAVE_CONFIG_H'
DEPDIR='.deps'
ECHO_C='\c'
ECHO_N=''
ECHO_T=''
EGREP='/usr/bin/grep -E'
EXEEXT=''
GREP='/usr/bin/grep'
INSTALL_DATA='${INSTALL} -m 644'
INSTALL_PROGRAM='${INSTALL}'
INSTALL_SCRIPT='${INSTALL}'
INSTALL_STRIP_PROGRAM='$(install_sh) -c -s'
LDFLAGS=''
LIBOBJS=''
LIBS='-lpython -lmpi '
LTLIBOBJS=''
MAKEINFO='${SHELL} /Volumes/PROJECTS/junfeng/PyBSP/missing makeinfo'
MKDIR_P='./install-sh -c -d'
OBJEXT='o'
PACKAGE='PyBSP'
PACKAGE_BUGREPORT='solker2015@gmail.com'
PACKAGE_NAME='PyBSP'
PACKAGE_STRING='PyBSP 1.0'
PACKAGE_TARNAME='pybsp'
PACKAGE_URL=''
PACKAGE_VERSION='1.0'
PATH_SEPARATOR=':'
SET_MAKE=''
SHELL='/bin/sh'
STRIP=''
VERSION='1.0'
ac_ct_CC='gcc'
ac_ct_CXX='g++'
am__EXEEXT_FALSE=''
am__EXEEXT_TRUE='#'
am__fastdepCC_FALSE='#'
am__fastdepCC_TRUE=''
am__fastdepCXX_FALSE='#'
am__fastdepCXX_TRUE=''
am__include='include'
am__isrc=''
am__leading_dot='.'
am__nodep='_no'
am__quote=''
am__tar='$${TAR-tar} chof - "$$tardir"'
am__untar='$${TAR-tar} xf -'
bindir='${exec_prefix}/bin'
build_alias=''
datadir='${datarootdir}'
datarootdir='${prefix}/share'
docdir='${datarootdir}/doc/${PACKAGE_TARNAME}'
dvidir='${docdir}'
exec_prefix='${prefix}'
host_alias=''
htmldir='${docdir}'
includedir='${prefix}/include'
infodir='${datarootdir}/info'
install_sh='${SHELL} /Volumes/PROJECTS/junfeng/PyBSP/install-sh'
libdir='${exec_prefix}/lib'
libexecdir='${exec_prefix}/libexec'
localedir='${datarootdir}/locale'
localstatedir='${prefix}/var'
mandir='${datarootdir}/man'
mkdir_p='$(MKDIR_P)'
oldincludedir='/usr/include'
pdfdir='${docdir}'
prefix='/usr/local'
program_transform_name='s,x,x,'
psdir='${docdir}'
sbindir='${exec_prefix}/sbin'
sharedstatedir='${prefix}/com'
sysconfdir='${prefix}/etc'
target_alias=''

## ----------- ##
## confdefs.h. ##
## ----------- ##

/* confdefs.h */
#define PACKAGE_NAME "PyBSP"
#define PACKAGE_TARNAME "pybsp"
#define PACKAGE_VERSION "1.0"
#define PACKAGE_STRING "PyBSP 1.0"
#define PACKAGE_BUGREPORT "solker2015@gmail.com"
#define PACKAGE_URL ""
#define PACKAGE "PyBSP"
#define VERSION "1.0"
#define HAVE_LIBMPI 1
#define HAVE_LIBPYTHON 1
#define STDC_HEADERS 1
#define HAVE_SYS_TYPES_H 1
#define HAVE_SYS_STAT_H 1
#define HAVE_STDLIB_H 1
#define HAVE_STRING_H 1
#define HAVE_MEMORY_H 1
#define HAVE_STRINGS_H 1
#define HAVE_INTTYPES_H 1
#define HAVE_STDINT_H 1
#define HAVE_UNISTD_H 1
#define HAVE_STDINT_H 1
#define HAVE_MPI_H 1
#define HAVE__BOOL 1

configure: exit 0

## ---------------------- ##
## Running config.status. ##
## ---------------------- ##

This file was extended by PyBSP config.status 1.0, which was
generated by GNU Autoconf 2.69.  Invocation command line was

  CONFIG_FILES    = 
  CONFIG_HEADERS  = 
  CONFIG_LINKS    = 
  CONFIG_COMMANDS = 
  $ ./config.status 

on imacdeiMac.local

config.status:863: creating Makefile
config.status:863: creating config.h
config.status:1092: executing depfiles commands
